x:\prohorov\kg 5 sem\plot3dviewer - first method\plot2dviewer\debug\vc100.pdb
x:\prohorov\kg 5 sem\plot3dviewer - first method\debug\plot2dviewer.pdb
e:\labs\diman_kg_3\plot3dviewer - first method\plot2dviewer\debug\vc141.pdb
e:\labs\diman_kg_3\plot3dviewer - first method\plot2dviewer\debug\vc141.idb
e:\labs\diman_kg_3\plot3dviewer - first method\plot2dviewer\debug\plot2dviewer.obj
e:\labs\diman_kg_3\plot3dviewer - first method\debug\plot2dviewer.exe
e:\labs\diman_kg_3\plot3dviewer - first method\debug\plot2dviewer.ilk
e:\labs\diman_kg_3\plot3dviewer - first method\debug\plot2dviewer.pdb
e:\labs\diman_kg_3\plot3dviewer - first method\plot2dviewer\debug\cl.command.1.tlog
e:\labs\diman_kg_3\plot3dviewer - first method\plot2dviewer\debug\cl.read.1.tlog
e:\labs\diman_kg_3\plot3dviewer - first method\plot2dviewer\debug\cl.write.1.tlog
e:\labs\diman_kg_3\plot3dviewer - first method\plot2dviewer\debug\link.command.1.tlog
e:\labs\diman_kg_3\plot3dviewer - first method\plot2dviewer\debug\link.read.1.tlog
e:\labs\diman_kg_3\plot3dviewer - first method\plot2dviewer\debug\link.write.1.tlog
e:\labs\diman_kg_3\plot3dviewer - first method\plot2dviewer\debug\mt.command.1.tlog
e:\labs\diman_kg_3\plot3dviewer - first method\plot2dviewer\debug\mt.read.1.tlog
e:\labs\diman_kg_3\plot3dviewer - first method\plot2dviewer\debug\mt.write.1.tlog
e:\labs\diman_kg_3\plot3dviewer - first method\plot2dviewer\debug\plot2dviewer.exe.intermediate.manifest
e:\labs\diman_kg_3\plot3dviewer - first method\plot2dviewer\debug\vc100.idb
e:\labs\diman_kg_3\plot3dviewer - first method\plot2dviewer\debug\vc100.pdb
e:\labs\diman_kg_3\plot3dviewer - first method\plot2dviewer\debug\plot2dviewer.tlog\cl.command.1.tlog
e:\labs\diman_kg_3\plot3dviewer - first method\plot2dviewer\debug\plot2dviewer.tlog\cl.read.1.tlog
e:\labs\diman_kg_3\plot3dviewer - first method\plot2dviewer\debug\plot2dviewer.tlog\cl.write.1.tlog
e:\labs\diman_kg_3\plot3dviewer - first method\plot2dviewer\debug\plot2dviewer.tlog\link.command.1.tlog
e:\labs\diman_kg_3\plot3dviewer - first method\plot2dviewer\debug\plot2dviewer.tlog\link.delete.1.tlog
e:\labs\diman_kg_3\plot3dviewer - first method\plot2dviewer\debug\plot2dviewer.tlog\link.read.1.tlog
e:\labs\diman_kg_3\plot3dviewer - first method\plot2dviewer\debug\plot2dviewer.tlog\link.write.1.tlog
